<?xml version="1.0" encoding="utf-8"?>
<testsuites>
  <testsuite name="souscription.ST16-EnrollSubAgentOperator" tests="1" failures="0" errors="0" time="5.087" package="souscription" id="1">
    <properties>
[...]
</properties>
    <testcase name="CT16-EnrollSubAgentOperator" time="5.087"/>
  </testsuite>
  <testsuite name="souscription.SC10-CreatePIN" tests="1" failures="0" errors="0" time="5.984" package="souscription" id="2">
    <properties>
[...]
</properties>
    <testcase name="CT-CreatePIN" time="5.984"/>
  </testsuite>
  <testsuite name="souscription.SC04-GetNationality" tests="1" failures="0" errors="0" time="6.036" package="souscription" id="3">
    <properties>
[...]
</properties>
    <testcase name="CT-GetNationality" time="6.036"/>
  </testsuite>
  <testsuite name="souscription.SC02-GetAgentAllowedAccount" tests="1" failures="0" errors="0" time="14.751" package="souscription" id="4">
    <properties>
[...]
</properties>
    <testcase name="CT-GetAgentAllowedAccount" time="14.751"/>
  </testsuite>
  <testsuite name="souscription.ST18-Login" tests="1" failures="0" errors="0" time="4.338" package="souscription" id="5">
    <properties>
[...]
</properties>
    <testcase name="CT-login" time="4.338"/>
  </testsuite>
  <testsuite name="souscription.ST17-EnrollAgent" tests="1" failures="0" errors="0" time="5.576" package="souscription" id="6">
    <properties>
[...]
</properties>
    <testcase name="CT-EnrollAgent" time="5.576"/>
  </testsuite>
  <testsuite name="souscription.SC01-CheckPhone" tests="1" failures="0" errors="0" time="5.786" package="souscription" id="7">
    <properties>
[...]
</properties>
    <testcase name="CT-CheckPhone" time="5.786"/>
  </testsuite>
  <testsuite name="souscription.ST21-ForgotMySecretQuestion" tests="1" failures="0" errors="0" time="5.278" package="souscription" id="8">
    <properties>
[...]
</properties>
    <testcase name="CT-ForgotMySecretQuestion" time="5.278"/>
  </testsuite>
  <testsuite name="souscription.ST20-ForgotPassword" tests="1" failures="1" errors="0" time="65.955" package="souscription" id="9">
    <properties>
[...]
</properties>
    <testcase name="CT-ForgotPassword" time="65.955">
      <failure type="Failing due to failed test step" message="Failing due to failed test step"><![CDATA[<h3><b>forgotPassword Failed</b></h3><pre>java.net.SocketTimeoutException: Read timed out
</pre><hr/>]]></failure>
    </testcase>
  </testsuite>
  <testsuite name="souscription.SC03-CheckToken" tests="1" failures="0" errors="0" time="12.009" package="souscription" id="10">
    <properties>
[...]
</properties>
    <testcase name="CT-CkeckToken" time="12.009"/>
  </testsuite>
  <testsuite name="souscription.ST13-EnrollUnBankedCustomer" tests="1" failures="0" errors="0" time="5.524" package="souscription" id="11">
    <properties>
[...]
</properties>
    <testcase name="CT-EnrollUnBankedCustomer" time="5.524"/>
  </testsuite>
  <testsuite name="souscription.SC06-GetSecretQuestions" tests="1" failures="0" errors="0" time="5.865" package="souscription" id="12">
    <properties>
[...]
</properties>
    <testcase name="CT-GetSecretQuestions" time="5.865"/>
  </testsuite>
  <testsuite name="souscription.SC05-GetContract" tests="1" failures="0" errors="0" time="6.187" package="souscription" id="13">
    <properties>
[...]
</properties>
    <testcase name="CT-GetContract" time="6.187"/>
  </testsuite>
  <testsuite name="souscription.SC08-CheckOTP" tests="1" failures="0" errors="0" time="6.813" package="souscription" id="14">
    <properties>
[...]
</properties>
    <testcase name="CT-CheckOTP" time="6.813"/>
  </testsuite>
  <testsuite name="souscription.SC07-GenerateOTP" tests="1" failures="0" errors="0" time="3.337" package="souscription" id="15">
    <properties>
[...]
</properties>
    <testcase name="CT-GenerateOTP" time="3.337"/>
  </testsuite>
  <testsuite name="souscription.SC11-EnrollBankedCustomer" tests="1" failures="0" errors="0" time="7.123" package="souscription" id="16">
    <properties>
[...]
</properties>
    <testcase name="CT-EnrollBankedCustomer" time="7.123"/>
  </testsuite>
  <testsuite name="souscription.ST15-SubscribeSubAgentOperator" tests="1" failures="0" errors="0" time="7.96" package="souscription" id="17">
    <properties>
[...]
</properties>
    <testcase name="CT-SubscribeSubAgentOperator" time="7.96"/>
  </testsuite>
  <testsuite name="souscription.SC12-GenerateOTPUnbanked" tests="1" failures="0" errors="0" time="5.134" package="souscription" id="18">
    <properties>
[...]
</properties>
    <testcase name="CT-GenerateOTPUnbanked" time="5.134"/>
  </testsuite>
  <testsuite name="souscription.SC09-CheckLogin" tests="1" failures="0" errors="0" time="5.66" package="souscription" id="19">
    <properties>
[...]
</properties>
    <testcase name="CT-CheckLogin" time="5.66"/>
  </testsuite>
  <testsuite name="souscription.ST14-GetCity" tests="1" failures="0" errors="0" time="4.938" package="souscription" id="20">
    <properties>
[...]
</properties>
    <testcase name="CT-GetCity" time="4.938"/>
  </testsuite>
  <testsuite name="souscription.ST19-Logout" tests="1" failures="0" errors="0" time="1.292" package="souscription" id="21">
    <properties>
[...]
</properties>
    <testcase name="CT-Logout" time="1.292"/>
  </testsuite>
  <testsuite name="souscription.ST22-GetMySecretQuestion" tests="1" failures="0" errors="0" time="3.767" package="souscription" id="22">
    <properties>
[...]
</properties>
    <testcase name="CT-GetMySecretQuestion" time="3.767"/>
  </testsuite>
</testsuites>