<?xml version="1.0" encoding="utf-8"?>
<testsuites>
  <testsuite name="souscription.ST16-EnrollSubAgentOperator" tests="1" failures="0" errors="0" time="5.222" package="souscription" id="1">
    <properties>
[...]
</properties>
    <testcase name="CT16-EnrollSubAgentOperator" time="5.222"/>
  </testsuite>
  <testsuite name="souscription.SC10-CreatePIN" tests="1" failures="0" errors="0" time="5.129" package="souscription" id="2">
    <properties>
[...]
</properties>
    <testcase name="CT-CreatePIN" time="5.129"/>
  </testsuite>
  <testsuite name="souscription.SC04-GetNationality" tests="1" failures="0" errors="0" time="5.199" package="souscription" id="3">
    <properties>
[...]
</properties>
    <testcase name="CT-GetNationality" time="5.199"/>
  </testsuite>
  <testsuite name="souscription.SC02-GetAgentAllowedAccount" tests="1" failures="0" errors="0" time="18.249" package="souscription" id="4">
    <properties>
[...]
</properties>
    <testcase name="CT-GetAgentAllowedAccount" time="18.249"/>
  </testsuite>
  <testsuite name="souscription.ST18-Login" tests="1" failures="0" errors="0" time="4.394" package="souscription" id="5">
    <properties>
[...]
</properties>
    <testcase name="CT-login" time="4.394"/>
  </testsuite>
  <testsuite name="souscription.ST17-EnrollAgent" tests="1" failures="0" errors="0" time="5.3" package="souscription" id="6">
    <properties>
[...]
</properties>
    <testcase name="CT-EnrollAgent" time="5.3"/>
  </testsuite>
  <testsuite name="souscription.SC01-CheckPhone" tests="1" failures="0" errors="0" time="5.192" package="souscription" id="7">
    <properties>
[...]
</properties>
    <testcase name="CT-CheckPhone" time="5.192"/>
  </testsuite>
  <testsuite name="souscription.ST21-ForgotMySecretQuestion" tests="1" failures="0" errors="0" time="5.699" package="souscription" id="8">
    <properties>
[...]
</properties>
    <testcase name="CT-ForgotMySecretQuestion" time="5.699"/>
  </testsuite>
  <testsuite name="souscription.ST20-ForgotPassword" tests="1" failures="0" errors="0" time="6.164" package="souscription" id="9">
    <properties>
[...]
</properties>
    <testcase name="CT-ForgotPassword" time="6.164"/>
  </testsuite>
  <testsuite name="souscription.SC03-CheckToken" tests="1" failures="0" errors="0" time="10.663" package="souscription" id="10">
    <properties>
[...]
</properties>
    <testcase name="CT-CkeckToken" time="10.663"/>
  </testsuite>
  <testsuite name="souscription.ST13-EnrollUnBankedCustomer" tests="1" failures="0" errors="0" time="5.291" package="souscription" id="11">
    <properties>
[...]
</properties>
    <testcase name="CT-EnrollUnBankedCustomer" time="5.291"/>
  </testsuite>
  <testsuite name="souscription.SC06-GetSecretQuestions" tests="1" failures="0" errors="0" time="4.805" package="souscription" id="12">
    <properties>
[...]
</properties>
    <testcase name="CT-GetSecretQuestions" time="4.805"/>
  </testsuite>
  <testsuite name="souscription.SC05-GetContract" tests="1" failures="0" errors="0" time="4.997" package="souscription" id="13">
    <properties>
[...]
</properties>
    <testcase name="CT-GetContract" time="4.997"/>
  </testsuite>
  <testsuite name="souscription.SC08-CheckOTP" tests="1" failures="0" errors="0" time="6.809" package="souscription" id="14">
    <properties>
[...]
</properties>
    <testcase name="CT-CheckOTP" time="6.809"/>
  </testsuite>
  <testsuite name="souscription.SC07-GenerateOTP" tests="1" failures="0" errors="0" time="3.369" package="souscription" id="15">
    <properties>
[...]
</properties>
    <testcase name="CT-GenerateOTP" time="3.369"/>
  </testsuite>
  <testsuite name="souscription.SC11-EnrollBankedCustomer" tests="1" failures="0" errors="0" time="6.541" package="souscription" id="16">
    <properties>
[...]
</properties>
    <testcase name="CT-EnrollBankedCustomer" time="6.541"/>
  </testsuite>
  <testsuite name="souscription.ST15-SubscribeSubAgentOperator" tests="1" failures="0" errors="0" time="7.35" package="souscription" id="17">
    <properties>
[...]
</properties>
    <testcase name="CT-SubscribeSubAgentOperator" time="7.35"/>
  </testsuite>
  <testsuite name="souscription.SC12-GenerateOTPUnbanked" tests="1" failures="0" errors="0" time="4.985" package="souscription" id="18">
    <properties>
[...]
</properties>
    <testcase name="CT-GenerateOTPUnbanked" time="4.985"/>
  </testsuite>
  <testsuite name="souscription.SC09-CheckLogin" tests="1" failures="0" errors="0" time="5.414" package="souscription" id="19">
    <properties>
[...]
</properties>
    <testcase name="CT-CheckLogin" time="5.414"/>
  </testsuite>
  <testsuite name="souscription.ST14-GetCity" tests="1" failures="0" errors="0" time="4.194" package="souscription" id="20">
    <properties>
[...]
</properties>
    <testcase name="CT-GetCity" time="4.194"/>
  </testsuite>
  <testsuite name="souscription.ST19-Logout" tests="1" failures="0" errors="0" time="1.275" package="souscription" id="21">
    <properties>
[...]
</properties>
    <testcase name="CT-Logout" time="1.275"/>
  </testsuite>
  <testsuite name="souscription.ST22-GetMySecretQuestion" tests="1" failures="0" errors="0" time="3.254" package="souscription" id="22">
    <properties>
[...]
</properties>
    <testcase name="CT-GetMySecretQuestion" time="3.254"/>
  </testsuite>
</testsuites>